<?xml version="1.0" encoding="UTF-8"?>
<!-- Generated by org.testng.reporters.JUnitXMLReporter -->
<testsuite ignored="0" hostname="LAPTOP-P9PJBISD" failures="0" tests="2" name="Error Validations Test" time="26.89" errors="0" timestamp="26 Sep 2022 15:17:56 GMT">
  <testcase classname="rahulshettyacademy.tests.ErrorValidationsTest" name="LoginErrorValidation" time="2.393"/>
  <testcase classname="rahulshettyacademy.tests.ErrorValidationsTest" name="ProductErrorValidation" time="5.88"/>
</testsuite> <!-- Error Validations Test -->
