<?xml version="1.0" encoding="UTF-8"?>
<!-- Generated by org.testng.reporters.JUnitXMLReporter -->
<testsuite ignored="1" hostname="LAPTOP-P9PJBISD" failures="0" tests="2" name="Submit Order Test" time="23.49" errors="0" timestamp="26 Sep 2022 18:35:35 GMT">
  <testcase classname="rahulshettyacademy.tests.SubmitOrderTest" name="submitOrder" time="4.248"/>
  <testcase classname="rahulshettyacademy.tests.SubmitOrderTest" name="submitOrder" time="4.099"/>
  <testcase classname="rahulshettyacademy.tests.SubmitOrderTest" name="OrderHistoryTest" time="0.0">
    <ignored/>
  </testcase> <!-- OrderHistoryTest -->
</testsuite> <!-- Submit Order Test -->
