<?xml version="1.0" encoding="UTF-8"?>
<testng-results ignored="3" total="5" passed="2" failed="0" skipped="0">
  <reporter-output>
  </reporter-output>
  <suite started-at="2022-09-26T18:35:12Z" name="Suite" finished-at="2022-09-26T18:35:35Z" duration-ms="23490">
    <groups>
      <group name="Purchase">
        <method signature="SubmitOrderTest.submitOrder(java.util.HashMap)[pri:0, instance:rahulshettyacademy.tests.SubmitOrderTest@4ebff610]" name="submitOrder" class="rahulshettyacademy.tests.SubmitOrderTest"/>
      </group> <!-- Purchase -->
    </groups>
    <test started-at="2022-09-26T18:35:12Z" name="Error Validations Test" finished-at="2022-09-26T18:35:12Z" duration-ms="5">
    </test> <!-- Error Validations Test -->
    <test started-at="2022-09-26T18:35:12Z" name="Submit Order Test" finished-at="2022-09-26T18:35:35Z" duration-ms="23490">
      <class name="rahulshettyacademy.tests.SubmitOrderTest">
        <test-method is-config="true" signature="launchApplication()[pri:0, instance:rahulshettyacademy.tests.SubmitOrderTest@4ebff610]" started-at="2022-09-26T18:35:12Z" name="launchApplication" finished-at="2022-09-26T18:35:19Z" duration-ms="6949" status="PASS">
          <reporter-output>
          </reporter-output>
        </test-method> <!-- launchApplication -->
        <test-method signature="submitOrder(java.util.HashMap)[pri:0, instance:rahulshettyacademy.tests.SubmitOrderTest@4ebff610]" started-at="2022-09-26T18:35:19Z" name="submitOrder" data-provider="getData" finished-at="2022-09-26T18:35:23Z" duration-ms="4248" status="PASS">
          <params>
            <param index="0">
              <value>
                <![CDATA[{password=Iamking@000, product=ZARA COAT 3, email=anshika@gmail.com}]]>
              </value>
            </param>
          </params>
          <reporter-output>
          </reporter-output>
        </test-method> <!-- submitOrder -->
        <test-method is-config="true" signature="tearDown()[pri:0, instance:rahulshettyacademy.tests.SubmitOrderTest@4ebff610]" started-at="2022-09-26T18:35:23Z" name="tearDown" finished-at="2022-09-26T18:35:26Z" duration-ms="2461" status="PASS">
          <reporter-output>
          </reporter-output>
        </test-method> <!-- tearDown -->
        <test-method is-config="true" signature="launchApplication()[pri:0, instance:rahulshettyacademy.tests.SubmitOrderTest@4ebff610]" started-at="2022-09-26T18:35:26Z" name="launchApplication" finished-at="2022-09-26T18:35:31Z" duration-ms="5264" status="PASS">
          <reporter-output>
          </reporter-output>
        </test-method> <!-- launchApplication -->
        <test-method signature="submitOrder(java.util.HashMap)[pri:0, instance:rahulshettyacademy.tests.SubmitOrderTest@4ebff610]" started-at="2022-09-26T18:35:31Z" name="submitOrder" data-provider="getData" finished-at="2022-09-26T18:35:35Z" duration-ms="4099" status="PASS">
          <params>
            <param index="0">
              <value>
                <![CDATA[{password=Iamking@000, product=ADIDAS ORIGINAL, email=shetty@gmail.com}]]>
              </value>
            </param>
          </params>
          <reporter-output>
          </reporter-output>
        </test-method> <!-- submitOrder -->
        <test-method is-config="true" signature="tearDown()[pri:0, instance:rahulshettyacademy.tests.SubmitOrderTest@4ebff610]" started-at="2022-09-26T18:35:35Z" name="tearDown" finished-at="2022-09-26T18:35:35Z" duration-ms="178" status="PASS">
          <reporter-output>
          </reporter-output>
        </test-method> <!-- tearDown -->
      </class> <!-- rahulshettyacademy.tests.SubmitOrderTest -->
    </test> <!-- Submit Order Test -->
  </suite> <!-- Suite -->
</testng-results>
